<?xml version="1.0" encoding="UTF-8"?>
<!-- Generated by org.testng.reporters.JUnitReportReporter -->
<testsuite skipped="0" hostname="O84269812" name="org.selenium.pom.tests.MyAccountPageTest" tests="1" failures="0" timestamp="2022-11-30T20:47:15 EET" time="7.390" errors="0">
  <testcase name="test_verification_my_account_page" time="7.390" classname="org.selenium.pom.tests.MyAccountPageTest"/>
  <system-out/>
</testsuite> <!-- org.selenium.pom.tests.MyAccountPageTest -->
