<?xml version="1.0" encoding="UTF-8"?>
<!-- Generated by org.testng.reporters.JUnitReportReporter -->
<testsuite skipped="0" hostname="O84269812" name="org.selenium.pom.tests.HomePageTest" tests="1" failures="0" timestamp="2022-11-30T20:47:15 EET" time="0.740" errors="0">
  <testcase name="test_verification_home_page" time="0.740" classname="org.selenium.pom.tests.HomePageTest"/>
  <system-out/>
</testsuite> <!-- org.selenium.pom.tests.HomePageTest -->
